[2025-12-27 00:03:33] Login attempt - Username: admin, Status: SUCCESS
[2025-12-27 00:09:25] Login attempt - Username: user, Status: FAILED
[2025-12-27 00:14:25] Login attempt - Username: admin, Status: SUCCESS
[2025-12-27 00:30:25] Login attempt - Username: admin, Status: SUCCESS
[2025-12-27 02:08:03] Login attempt - Username: admin, Status: SUCCESS
[2025-12-27 02:16:31] Login attempt - Username: admin, Status: SUCCESS
[2025-12-27 02:18:20] Login attempt - Username: admin, Status: SUCCESS
[2025-12-27 02:21:15] Login attempt - Username: admin, Status: SUCCESS
[2025-12-27 02:32:23] Login attempt - Username: admin, Status: SUCCESS
[2025-12-27 02:41:09] Login attempt - Username: admin, Status: SUCCESS
[2025-12-27 02:42:39] Login attempt - Username: admin, Status: SUCCESS
[2025-12-27 02:51:32] Login attempt - Username: admin, Status: SUCCESS
[2025-12-27 02:51:59] Login attempt - Username: user1, Status: FAILED
[2025-12-27 02:52:09] Login attempt - Username: user1, Status: FAILED
[2025-12-27 02:52:16] Login attempt - Username: user1, Status: FAILED
[2025-12-27 13:24:27] Login attempt - Username: admin, Status: SUCCESS
[2025-12-27 15:10:54] Login attempt - Username: admin, Status: SUCCESS
[2025-12-27 15:32:15] Login attempt - Username: admin, Status: SUCCESS
[2025-12-27 15:39:17] Login attempt - Username: user1, Status: FAILED
[2025-12-27 16:18:10] Login attempt - Username: admin, Status: SUCCESS
[2025-12-27 16:21:48] Login attempt - Username: admin, Status: SUCCESS
[2025-12-27 17:00:02] Login attempt - Username: admin, Status: SUCCESS
[2025-12-27 17:04:14] Login attempt - Username: admin, Status: SUCCESS
[2025-12-27 17:07:16] Login attempt - Username: admin, Status: SUCCESS
[2025-12-27 17:10:30] Login attempt - Username: admin, Status: SUCCESS
[2025-12-27 18:14:44] Login attempt - Username: admin, Status: SUCCESS
[2025-12-27 23:33:03] Login attempt - Username: admin, Status: FAILED
[2025-12-27 23:33:14] Login attempt - Username: admin, Status: FAILED
[2025-12-27 23:37:42] Login attempt - Username: admin, Status: SUCCESS
[2025-12-28 00:37:10] Login attempt - Username: admin, Status: FAILED
[2025-12-28 00:40:44] Login attempt - Username: admin, Status: FAILED
[2025-12-28 00:41:12] Login attempt - Username: admin, Status: FAILED
[2025-12-28 00:47:21] Login attempt - Username: admin, Status: SUCCESS
[2025-12-28 17:17:29] Login attempt - Username: admin, Status: SUCCESS
[2025-12-28 17:20:18] Login attempt - Username: admin, Status: FAILED
[2025-12-28 17:22:07] Login attempt - Username: admin, Status: FAILED
[2025-12-28 17:28:23] Login attempt - Username: admin, Status: FAILED
[2025-12-28 17:30:09] Login attempt - Username: admin, Status: FAILED
[2025-12-28 17:30:25] Login attempt - Username: admin, Status: SUCCESS
[2025-12-28 17:32:26] Login attempt - Username: admin, Status: SUCCESS
[2025-12-28 17:59:38] Login attempt - Username: admin, Status: FAILED
[2025-12-28 18:01:38] Login attempt - Username: admin, Status: FAILED
[2025-12-28 18:01:58] Login attempt - Username: admin, Status: SUCCESS
[2025-12-28 18:48:56] Login attempt - Username: admin, Status: SUCCESS
[2025-12-28 19:14:06] Login attempt - Username: admin, Status: SUCCESS
[2025-12-28 19:17:46] Deposit: ACC2662948066 | Amount: 1000000
[2025-12-28 19:26:19] Login attempt - Username: obsa, Status: SUCCESS
[2025-12-28 19:32:55] Login attempt - Username: admin, Status: SUCCESS
[2025-12-28 21:36:25] Login attempt - Username: obsa, Status: SUCCESS
[2025-12-28 21:55:39] Login attempt - Username: obsa, Status: SUCCESS
[2025-12-28 22:09:46] Login attempt - Username: obsa, Status: SUCCESS
[2025-12-28 22:23:53] Login attempt - Username: obsa, Status: SUCCESS
[2025-12-28 22:51:41] Login attempt - Username: obsa, Status: SUCCESS
[2025-12-28 23:01:45] Login attempt - Username: obsa, Status: SUCCESS
[2025-12-28 23:06:03] Withdraw: ACC2662948066 | Amount: 1000000
[2025-12-28 23:13:11] Login attempt - Username: obsa, Status: SUCCESS
[2025-12-28 23:17:30] Login attempt - Username: admin, Status: SUCCESS
[2026-01-03 15:18:16] Admin login successful: admin
[2026-01-03 15:38:31] Customer login failed: obsa
[2026-01-03 15:38:39] Customer login failed: obsa
[2026-01-03 15:41:56] Customer login failed: obsa
[2026-01-03 15:42:06] Customer login failed: obsa
[2026-01-03 15:42:27] Customer login failed: obsa
[2026-01-03 15:45:52] Customer login failed: obsa
[2026-01-03 15:46:00] Customer login failed: obsa
[2026-01-03 15:46:32] Admin login successful: obsa
[2026-01-03 15:47:55] Withdraw: ACC1001 | Amount: 45
[2026-01-03 15:49:10] Login attempt - Username: obsa, Status: FAILED
[2026-01-03 15:49:16] Login attempt - Username: obsa, Status: SUCCESS
[2026-01-03 15:49:33] Login attempt - Username: admin, Status: SUCCESS
[2026-01-03 15:59:07] Customer login failed: obsa
[2026-01-03 16:57:11] Customer login failed: sabir
[2026-01-03 17:32:17] Admin login successful: admin
[2026-01-03 17:34:21] Deposit: ACC443 | Amount: 500
[2026-01-03 17:37:30] Customer login successful: sabir
[2026-01-03 17:38:39] Admin login failed: obsa
[2026-01-03 17:38:52] Admin login successful: admin
[2026-01-03 17:40:11] Deposit: ACC475 | Amount: 90000
[2026-01-03 17:41:01] Login attempt - Username: sabir, Status: FAILED
[2026-01-03 17:41:18] Customer login successful: sabir
[2026-01-03 17:43:16] Admin login successful: obsa
[2026-01-03 17:48:01] Admin login successful: obsa
[2026-01-03 17:50:29] Admin login successful: obsa
[2026-01-08 13:35:11] Admin login successful: obsa
[2026-01-09 08:28:30] Admin login successful: obsa
[2026-01-09 08:30:57] Customer login successful: sabir
[2026-01-09 08:32:14] Admin login successful: obsa
[2026-01-09 08:35:16] Customer login successful: qano
[2026-01-09 08:35:37] Admin login failed: obsa
[2026-01-09 08:35:41] Admin login successful: obsa
[2026-01-09 08:38:00] Deposit: ACC478 | Amount: 1000000000
[2026-01-09 08:40:33] Customer login successful: qano
[2026-01-09 08:41:19] Admin login successful: admin
[2026-01-09 08:43:17] Withdraw: ACC478 | Amount: 1000
[2026-01-09 08:44:19] Customer login successful: qano
[2026-01-15 22:11:54] Admin login successful: obsa
[2026-01-15 22:14:57] Customer login failed: mathew
[2026-01-15 22:15:08] Customer login successful: mathew
[2026-01-15 22:15:46] Admin login successful: obsa
[2026-01-15 22:17:35] Deposit: ACC894 | Amount: 900000
[2026-01-15 22:18:54] Customer login successful: mathew
[2026-01-15 22:19:54] Admin login successful: obsa
[2026-01-15 22:21:36] Customer login successful: mathew
